This file contains any messages produced by compilers while
running configure, to aid debugging if configure makes a mistake.

It was created by bhook configure 1.0.0, which was
generated by GNU Autoconf 2.59.  Invocation command line was

  $ ./configure --prefix=/home/w/software/bhook-1.0.0/

## --------- ##
## Platform. ##
## --------- ##

hostname = localhost.localdomain
uname -m = x86_64
uname -r = 2.6.32-431.29.2.el6.x86_64
uname -s = Linux
uname -v = #1 SMP Tue Sep 9 21:36:05 UTC 2014

/usr/bin/uname -p = unknown
/bin/uname -X     = unknown

/bin/arch              = x86_64
/usr/bin/arch -k       = unknown
/usr/convex/getsysinfo = unknown
hostinfo               = unknown
/bin/machine           = unknown
/usr/bin/oslevel       = unknown
/bin/universe          = unknown

PATH: /home/w/software/apache-maven-3.2.3/bin
PATH: /usr/lib/jvm/java-1.7.0//bin
PATH: /home/w/software/apache-maven-3.2.3/bin
PATH: /usr/lib/jvm/java-1.7.0//bin
PATH: /usr/local/bin
PATH: /bin
PATH: /usr/bin
PATH: /usr/local/sbin
PATH: /usr/sbin
PATH: /sbin
PATH: /home/w/software/bhook-1.0.0/bin
PATH: /home/w/bin
PATH: /home/w/software/bhook-1.0.0/bin


## ----------- ##
## Core tests. ##
## ----------- ##

configure:1379: checking for a BSD-compatible install
configure:1434: result: /usr/bin/install -c
configure:1445: checking whether build environment is sane
configure:1488: result: yes
configure:1553: checking for gawk
configure:1569: found /bin/gawk
configure:1579: result: gawk
configure:1589: checking whether make sets $(MAKE)
configure:1609: result: yes
configure:1831: checking for g++
configure:1847: found /usr/bin/g++
configure:1857: result: g++
configure:1873: checking for C++ compiler version
configure:1876: g++ --version </dev/null >&5
g++ (GCC) 4.4.7 20120313 (Red Hat 4.4.7-4)
Copyright (C) 2010 Free Software Foundation, Inc.
This is free software; see the source for copying conditions.  There is NO
warranty; not even for MERCHANTABILITY or FITNESS FOR A PARTICULAR PURPOSE.

configure:1879: $? = 0
configure:1881: g++ -v </dev/null >&5
Using built-in specs.
Target: x86_64-redhat-linux
Configured with: ../configure --prefix=/usr --mandir=/usr/share/man --infodir=/usr/share/info --with-bugurl=http://bugzilla.redhat.com/bugzilla --enable-bootstrap --enable-shared --enable-threads=posix --enable-checking=release --with-system-zlib --enable-__cxa_atexit --disable-libunwind-exceptions --enable-gnu-unique-object --enable-languages=c,c++,objc,obj-c++,java,fortran,ada --enable-java-awt=gtk --disable-dssi --with-java-home=/usr/lib/jvm/java-1.5.0-gcj-1.5.0.0/jre --enable-libgcj-multifile --enable-java-maintainer-mode --with-ecj-jar=/usr/share/java/eclipse-ecj.jar --disable-libjava-multilib --with-ppl --with-cloog --with-tune=generic --with-arch_32=i686 --build=x86_64-redhat-linux
Thread model: posix
gcc version 4.4.7 20120313 (Red Hat 4.4.7-4) (GCC) 
configure:1884: $? = 0
configure:1886: g++ -V </dev/null >&5
g++: '-V' option must have argument
configure:1889: $? = 1
configure:1912: checking for C++ compiler default output file name
configure:1915: g++    conftest.cc  >&5
configure:1918: $? = 0
configure:1964: result: a.out
configure:1969: checking whether the C++ compiler works
configure:1975: ./a.out
configure:1978: $? = 0
configure:1995: result: yes
configure:2002: checking whether we are cross compiling
configure:2004: result: no
configure:2007: checking for suffix of executables
configure:2009: g++ -o conftest    conftest.cc  >&5
configure:2012: $? = 0
configure:2037: result: 
configure:2043: checking for suffix of object files
configure:2064: g++ -c   conftest.cc >&5
configure:2067: $? = 0
configure:2089: result: o
configure:2093: checking whether we are using the GNU C++ compiler
configure:2117: g++ -c   conftest.cc >&5
configure:2123: $? = 0
configure:2127: test -z 
			 || test ! -s conftest.err
configure:2130: $? = 0
configure:2133: test -s conftest.o
configure:2136: $? = 0
configure:2149: result: yes
configure:2155: checking whether g++ accepts -g
configure:2176: g++ -c -g  conftest.cc >&5
configure:2182: $? = 0
configure:2186: test -z 
			 || test ! -s conftest.err
configure:2189: $? = 0
configure:2192: test -s conftest.o
configure:2195: $? = 0
configure:2206: result: yes
configure:2248: g++ -c -g -O2  conftest.cc >&5
configure:2254: $? = 0
configure:2258: test -z 
			 || test ! -s conftest.err
configure:2261: $? = 0
configure:2264: test -s conftest.o
configure:2267: $? = 0
configure:2293: g++ -c -g -O2  conftest.cc >&5
conftest.cc: In function 'int main()':
conftest.cc:15: error: 'exit' was not declared in this scope
configure:2299: $? = 1
configure: failed program was:
| /* confdefs.h.  */
| 
| #define PACKAGE_NAME "bhook"
| #define PACKAGE_TARNAME "bhook"
| #define PACKAGE_VERSION "1.0.0"
| #define PACKAGE_STRING "bhook 1.0.0"
| #define PACKAGE_BUGREPORT "hyxbiao@gmail.com"
| #define PACKAGE "bhook"
| #define VERSION "1.0.0"
| /* end confdefs.h.  */
| 
| int
| main ()
| {
| exit (42);
|   ;
|   return 0;
| }
configure:2248: g++ -c -g -O2  conftest.cc >&5
conftest.cc:11: error: 'void std::exit(int)' should have been declared inside 'std'
configure:2254: $? = 1
configure: failed program was:
| /* confdefs.h.  */
| 
| #define PACKAGE_NAME "bhook"
| #define PACKAGE_TARNAME "bhook"
| #define PACKAGE_VERSION "1.0.0"
| #define PACKAGE_STRING "bhook 1.0.0"
| #define PACKAGE_BUGREPORT "hyxbiao@gmail.com"
| #define PACKAGE "bhook"
| #define VERSION "1.0.0"
| /* end confdefs.h.  */
| extern "C" void std::exit (int) throw (); using std::exit;
| #include <stdlib.h>
| int
| main ()
| {
| exit (42);
|   ;
|   return 0;
| }
configure:2248: g++ -c -g -O2  conftest.cc >&5
conftest.cc:11: error: 'void std::exit(int)' should have been declared inside 'std'
In file included from conftest.cc:12:
/usr/include/stdlib.h:544: error: declaration of 'void std::exit(int) throw ()' throws different exceptions
conftest.cc:11: error: from previous declaration 'void std::exit(int)'
configure:2254: $? = 1
configure: failed program was:
| /* confdefs.h.  */
| 
| #define PACKAGE_NAME "bhook"
| #define PACKAGE_TARNAME "bhook"
| #define PACKAGE_VERSION "1.0.0"
| #define PACKAGE_STRING "bhook 1.0.0"
| #define PACKAGE_BUGREPORT "hyxbiao@gmail.com"
| #define PACKAGE "bhook"
| #define VERSION "1.0.0"
| /* end confdefs.h.  */
| extern "C" void std::exit (int); using std::exit;
| #include <stdlib.h>
| int
| main ()
| {
| exit (42);
|   ;
|   return 0;
| }
configure:2248: g++ -c -g -O2  conftest.cc >&5
configure:2254: $? = 0
configure:2258: test -z 
			 || test ! -s conftest.err
configure:2261: $? = 0
configure:2264: test -s conftest.o
configure:2267: $? = 0
configure:2293: g++ -c -g -O2  conftest.cc >&5
configure:2299: $? = 0
configure:2303: test -z 
			 || test ! -s conftest.err
configure:2306: $? = 0
configure:2309: test -s conftest.o
configure:2312: $? = 0
configure:2346: checking for style of include used by make
configure:2374: result: GNU
configure:2402: checking dependency style of g++
configure:2492: result: gcc3
configure:2555: checking for gcc
configure:2571: found /usr/bin/gcc
configure:2581: result: gcc
configure:2825: checking for C compiler version
configure:2828: gcc --version </dev/null >&5
gcc (GCC) 4.4.7 20120313 (Red Hat 4.4.7-4)
Copyright (C) 2010 Free Software Foundation, Inc.
This is free software; see the source for copying conditions.  There is NO
warranty; not even for MERCHANTABILITY or FITNESS FOR A PARTICULAR PURPOSE.

configure:2831: $? = 0
configure:2833: gcc -v </dev/null >&5
Using built-in specs.
Target: x86_64-redhat-linux
Configured with: ../configure --prefix=/usr --mandir=/usr/share/man --infodir=/usr/share/info --with-bugurl=http://bugzilla.redhat.com/bugzilla --enable-bootstrap --enable-shared --enable-threads=posix --enable-checking=release --with-system-zlib --enable-__cxa_atexit --disable-libunwind-exceptions --enable-gnu-unique-object --enable-languages=c,c++,objc,obj-c++,java,fortran,ada --enable-java-awt=gtk --disable-dssi --with-java-home=/usr/lib/jvm/java-1.5.0-gcj-1.5.0.0/jre --enable-libgcj-multifile --enable-java-maintainer-mode --with-ecj-jar=/usr/share/java/eclipse-ecj.jar --disable-libjava-multilib --with-ppl --with-cloog --with-tune=generic --with-arch_32=i686 --build=x86_64-redhat-linux
Thread model: posix
gcc version 4.4.7 20120313 (Red Hat 4.4.7-4) (GCC) 
configure:2836: $? = 0
configure:2838: gcc -V </dev/null >&5
gcc: '-V' option must have argument
configure:2841: $? = 1
configure:2844: checking whether we are using the GNU C compiler
configure:2868: gcc -c   conftest.c >&5
configure:2874: $? = 0
configure:2878: test -z 
			 || test ! -s conftest.err
configure:2881: $? = 0
configure:2884: test -s conftest.o
configure:2887: $? = 0
configure:2900: result: yes
configure:2906: checking whether gcc accepts -g
configure:2927: gcc -c -g  conftest.c >&5
configure:2933: $? = 0
configure:2937: test -z 
			 || test ! -s conftest.err
configure:2940: $? = 0
configure:2943: test -s conftest.o
configure:2946: $? = 0
configure:2957: result: yes
configure:2974: checking for gcc option to accept ANSI C
configure:3044: gcc  -c -g -O2  conftest.c >&5
configure:3050: $? = 0
configure:3054: test -z 
			 || test ! -s conftest.err
configure:3057: $? = 0
configure:3060: test -s conftest.o
configure:3063: $? = 0
configure:3081: result: none needed
configure:3099: gcc -c -g -O2  conftest.c >&5
conftest.c:2: error: expected '=', ',', ';', 'asm' or '__attribute__' before 'me'
configure:3105: $? = 1
configure: failed program was:
| #ifndef __cplusplus
|   choke me
| #endif
configure:3240: checking dependency style of gcc
configure:3330: result: gcc3
configure:3389: checking for ranlib
configure:3405: found /usr/bin/ranlib
configure:3416: result: ranlib
configure:3451: checking for pthread_create in -lpthread
configure:3481: gcc -o conftest -g -O2   conftest.c -lpthread   >&5
configure:3487: $? = 0
configure:3491: test -z 
			 || test ! -s conftest.err
configure:3494: $? = 0
configure:3497: test -s conftest
configure:3500: $? = 0
configure:3513: result: yes
configure:3524: checking for bfd_demangle in -lbfd
configure:3554: gcc -o conftest -g -O2   conftest.c -lbfd -lopcodes -liberty -lz -lpthread  >&5
configure:3560: $? = 0
configure:3564: test -z 
			 || test ! -s conftest.err
configure:3567: $? = 0
configure:3570: test -s conftest
configure:3573: $? = 0
configure:3586: result: yes
configure:3606: checking how to run the C preprocessor
configure:3641: gcc -E  conftest.c
configure:3647: $? = 0
configure:3679: gcc -E  conftest.c
conftest.c:15:28: error: ac_nonexistent.h: No such file or directory
configure:3685: $? = 1
configure: failed program was:
| /* confdefs.h.  */
| 
| #define PACKAGE_NAME "bhook"
| #define PACKAGE_TARNAME "bhook"
| #define PACKAGE_VERSION "1.0.0"
| #define PACKAGE_STRING "bhook 1.0.0"
| #define PACKAGE_BUGREPORT "hyxbiao@gmail.com"
| #define PACKAGE "bhook"
| #define VERSION "1.0.0"
| #ifdef __cplusplus
| extern "C" void exit (int) throw ();
| #endif
| #define HAVE_LIBPTHREAD 1
| /* end confdefs.h.  */
| #include <ac_nonexistent.h>
configure:3724: result: gcc -E
configure:3748: gcc -E  conftest.c
configure:3754: $? = 0
configure:3786: gcc -E  conftest.c
conftest.c:15:28: error: ac_nonexistent.h: No such file or directory
configure:3792: $? = 1
configure: failed program was:
| /* confdefs.h.  */
| 
| #define PACKAGE_NAME "bhook"
| #define PACKAGE_TARNAME "bhook"
| #define PACKAGE_VERSION "1.0.0"
| #define PACKAGE_STRING "bhook 1.0.0"
| #define PACKAGE_BUGREPORT "hyxbiao@gmail.com"
| #define PACKAGE "bhook"
| #define VERSION "1.0.0"
| #ifdef __cplusplus
| extern "C" void exit (int) throw ();
| #endif
| #define HAVE_LIBPTHREAD 1
| /* end confdefs.h.  */
| #include <ac_nonexistent.h>
configure:3836: checking for egrep
configure:3846: result: grep -E
configure:3851: checking for ANSI C header files
configure:3876: gcc -c -g -O2  conftest.c >&5
configure:3882: $? = 0
configure:3886: test -z 
			 || test ! -s conftest.err
configure:3889: $? = 0
configure:3892: test -s conftest.o
configure:3895: $? = 0
configure:3984: gcc -o conftest -g -O2  -DHAVE_BFD_DEMANGLE  conftest.c -lpthread  >&5
conftest.c: In function 'main':
conftest.c:32: warning: incompatible implicit declaration of built-in function 'exit'
configure:3987: $? = 0
configure:3989: ./conftest
configure:3992: $? = 0
configure:4007: result: yes
configure:4031: checking for sys/types.h
configure:4047: gcc -c -g -O2  conftest.c >&5
configure:4053: $? = 0
configure:4057: test -z 
			 || test ! -s conftest.err
configure:4060: $? = 0
configure:4063: test -s conftest.o
configure:4066: $? = 0
configure:4077: result: yes
configure:4031: checking for sys/stat.h
configure:4047: gcc -c -g -O2  conftest.c >&5
configure:4053: $? = 0
configure:4057: test -z 
			 || test ! -s conftest.err
configure:4060: $? = 0
configure:4063: test -s conftest.o
configure:4066: $? = 0
configure:4077: result: yes
configure:4031: checking for stdlib.h
configure:4047: gcc -c -g -O2  conftest.c >&5
configure:4053: $? = 0
configure:4057: test -z 
			 || test ! -s conftest.err
configure:4060: $? = 0
configure:4063: test -s conftest.o
configure:4066: $? = 0
configure:4077: result: yes
configure:4031: checking for string.h
configure:4047: gcc -c -g -O2  conftest.c >&5
configure:4053: $? = 0
configure:4057: test -z 
			 || test ! -s conftest.err
configure:4060: $? = 0
configure:4063: test -s conftest.o
configure:4066: $? = 0
configure:4077: result: yes
configure:4031: checking for memory.h
configure:4047: gcc -c -g -O2  conftest.c >&5
configure:4053: $? = 0
configure:4057: test -z 
			 || test ! -s conftest.err
configure:4060: $? = 0
configure:4063: test -s conftest.o
configure:4066: $? = 0
configure:4077: result: yes
configure:4031: checking for strings.h
configure:4047: gcc -c -g -O2  conftest.c >&5
configure:4053: $? = 0
configure:4057: test -z 
			 || test ! -s conftest.err
configure:4060: $? = 0
configure:4063: test -s conftest.o
configure:4066: $? = 0
configure:4077: result: yes
configure:4031: checking for inttypes.h
configure:4047: gcc -c -g -O2  conftest.c >&5
configure:4053: $? = 0
configure:4057: test -z 
			 || test ! -s conftest.err
configure:4060: $? = 0
configure:4063: test -s conftest.o
configure:4066: $? = 0
configure:4077: result: yes
configure:4031: checking for stdint.h
configure:4047: gcc -c -g -O2  conftest.c >&5
configure:4053: $? = 0
configure:4057: test -z 
			 || test ! -s conftest.err
configure:4060: $? = 0
configure:4063: test -s conftest.o
configure:4066: $? = 0
configure:4077: result: yes
configure:4031: checking for unistd.h
configure:4047: gcc -c -g -O2  conftest.c >&5
configure:4053: $? = 0
configure:4057: test -z 
			 || test ! -s conftest.err
configure:4060: $? = 0
configure:4063: test -s conftest.o
configure:4066: $? = 0
configure:4077: result: yes
configure:4107: checking fcntl.h usability
configure:4119: gcc -c -g -O2  conftest.c >&5
configure:4125: $? = 0
configure:4129: test -z 
			 || test ! -s conftest.err
configure:4132: $? = 0
configure:4135: test -s conftest.o
configure:4138: $? = 0
configure:4148: result: yes
configure:4152: checking fcntl.h presence
configure:4162: gcc -E  conftest.c
configure:4168: $? = 0
configure:4188: result: yes
configure:4223: checking for fcntl.h
configure:4230: result: yes
configure:4107: checking malloc.h usability
configure:4119: gcc -c -g -O2  conftest.c >&5
configure:4125: $? = 0
configure:4129: test -z 
			 || test ! -s conftest.err
configure:4132: $? = 0
configure:4135: test -s conftest.o
configure:4138: $? = 0
configure:4148: result: yes
configure:4152: checking malloc.h presence
configure:4162: gcc -E  conftest.c
configure:4168: $? = 0
configure:4188: result: yes
configure:4223: checking for malloc.h
configure:4230: result: yes
configure:4098: checking for stdlib.h
configure:4103: result: yes
configure:4098: checking for string.h
configure:4103: result: yes
configure:4098: checking for unistd.h
configure:4103: result: yes
configure:4257: checking dis-asm.h usability
configure:4269: gcc -c -g -O2  conftest.c >&5
configure:4275: $? = 0
configure:4279: test -z 
			 || test ! -s conftest.err
configure:4282: $? = 0
configure:4285: test -s conftest.o
configure:4288: $? = 0
configure:4298: result: yes
configure:4302: checking dis-asm.h presence
configure:4312: gcc -E  conftest.c
configure:4318: $? = 0
configure:4338: result: yes
configure:4373: checking for dis-asm.h
configure:4380: result: yes
configure:4416: checking bfd.h usability
configure:4428: gcc -c -g -O2  conftest.c >&5
configure:4434: $? = 0
configure:4438: test -z 
			 || test ! -s conftest.err
configure:4441: $? = 0
configure:4444: test -s conftest.o
configure:4447: $? = 0
configure:4457: result: yes
configure:4461: checking bfd.h presence
configure:4471: gcc -E  conftest.c
configure:4477: $? = 0
configure:4497: result: yes
configure:4532: checking for bfd.h
configure:4539: result: yes
configure:4562: checking for stdbool.h that conforms to C99
configure:4615: gcc -c -g -O2  conftest.c >&5
configure:4621: $? = 0
configure:4625: test -z 
			 || test ! -s conftest.err
configure:4628: $? = 0
configure:4631: test -s conftest.o
configure:4634: $? = 0
configure:4645: result: yes
configure:4647: checking for _Bool
configure:4671: gcc -c -g -O2  conftest.c >&5
configure:4677: $? = 0
configure:4681: test -z 
			 || test ! -s conftest.err
configure:4684: $? = 0
configure:4687: test -s conftest.o
configure:4690: $? = 0
configure:4701: result: yes
configure:4720: checking for an ANSI C-conforming const
configure:4787: gcc -c -g -O2  conftest.c >&5
configure:4793: $? = 0
configure:4797: test -z 
			 || test ! -s conftest.err
configure:4800: $? = 0
configure:4803: test -s conftest.o
configure:4806: $? = 0
configure:4817: result: yes
configure:4827: checking for inline
configure:4848: gcc -c -g -O2  conftest.c >&5
configure:4854: $? = 0
configure:4858: test -z 
			 || test ! -s conftest.err
configure:4861: $? = 0
configure:4864: test -s conftest.o
configure:4867: $? = 0
configure:4879: result: inline
configure:4898: checking for mode_t
configure:4922: gcc -c -g -O2  conftest.c >&5
configure:4928: $? = 0
configure:4932: test -z 
			 || test ! -s conftest.err
configure:4935: $? = 0
configure:4938: test -s conftest.o
configure:4941: $? = 0
configure:4952: result: yes
configure:4964: checking for pid_t
configure:4988: gcc -c -g -O2  conftest.c >&5
configure:4994: $? = 0
configure:4998: test -z 
			 || test ! -s conftest.err
configure:5001: $? = 0
configure:5004: test -s conftest.o
configure:5007: $? = 0
configure:5018: result: yes
configure:5030: checking for size_t
configure:5054: gcc -c -g -O2  conftest.c >&5
configure:5060: $? = 0
configure:5064: test -z 
			 || test ! -s conftest.err
configure:5067: $? = 0
configure:5070: test -s conftest.o
configure:5073: $? = 0
configure:5084: result: yes
configure:5103: checking for stdlib.h
configure:5108: result: yes
configure:5248: checking for GNU libc compatible malloc
configure:5277: gcc -o conftest -g -O2  -DHAVE_BFD_DEMANGLE  conftest.c -lpthread  >&5
configure:5280: $? = 0
configure:5282: ./conftest
configure:5285: $? = 0
configure:5299: result: yes
configure:5334: checking for memset
configure:5391: gcc -o conftest -g -O2  -DHAVE_BFD_DEMANGLE  conftest.c -lpthread  >&5
conftest.c:60: warning: conflicting types for built-in function 'memset'
configure:5397: $? = 0
configure:5401: test -z 
			 || test ! -s conftest.err
configure:5404: $? = 0
configure:5407: test -s conftest
configure:5410: $? = 0
configure:5422: result: yes
configure:5334: checking for mkfifo
configure:5391: gcc -o conftest -g -O2  -DHAVE_BFD_DEMANGLE  conftest.c -lpthread  >&5
configure:5397: $? = 0
configure:5401: test -z 
			 || test ! -s conftest.err
configure:5404: $? = 0
configure:5407: test -s conftest
configure:5410: $? = 0
configure:5422: result: yes
configure:5549: creating ./config.status

## ---------------------- ##
## Running config.status. ##
## ---------------------- ##

This file was extended by bhook config.status 1.0.0, which was
generated by GNU Autoconf 2.59.  Invocation command line was

  CONFIG_FILES    = 
  CONFIG_HEADERS  = 
  CONFIG_LINKS    = 
  CONFIG_COMMANDS = 
  $ ./config.status 

on localhost.localdomain

config.status:704: creating Makefile
config.status:704: creating preload/disk/Makefile
config.status:704: creating preload/memory/Makefile
config.status:704: creating preload/net/Makefile
config.status:704: creating scripts/bhook
config.status:704: creating test/Makefile.env
config.status:704: creating test/RunEnv.sh
config.status:812: creating build-aux/config.h
config.status:946: build-aux/config.h is unchanged
config.status:1126: executing depfiles commands

## ---------------- ##
## Cache variables. ##
## ---------------- ##

ac_cv_c_compiler_gnu=yes
ac_cv_c_const=yes
ac_cv_c_inline=inline
ac_cv_cxx_compiler_gnu=yes
ac_cv_env_CC_set=
ac_cv_env_CC_value=
ac_cv_env_CFLAGS_set=
ac_cv_env_CFLAGS_value=
ac_cv_env_CPPFLAGS_set=
ac_cv_env_CPPFLAGS_value=
ac_cv_env_CPP_set=
ac_cv_env_CPP_value=
ac_cv_env_CXXFLAGS_set=
ac_cv_env_CXXFLAGS_value=
ac_cv_env_CXX_set=
ac_cv_env_CXX_value=
ac_cv_env_LDFLAGS_set=
ac_cv_env_LDFLAGS_value=
ac_cv_env_build_alias_set=
ac_cv_env_build_alias_value=
ac_cv_env_host_alias_set=
ac_cv_env_host_alias_value=
ac_cv_env_target_alias_set=
ac_cv_env_target_alias_value=
ac_cv_exeext=
ac_cv_func_malloc_0_nonnull=yes
ac_cv_func_memset=yes
ac_cv_func_mkfifo=yes
ac_cv_header_bfd_h=yes
ac_cv_header_dis_asm_h=yes
ac_cv_header_fcntl_h=yes
ac_cv_header_inttypes_h=yes
ac_cv_header_malloc_h=yes
ac_cv_header_memory_h=yes
ac_cv_header_stdbool_h=yes
ac_cv_header_stdc=yes
ac_cv_header_stdint_h=yes
ac_cv_header_stdlib_h=yes
ac_cv_header_string_h=yes
ac_cv_header_strings_h=yes
ac_cv_header_sys_stat_h=yes
ac_cv_header_sys_types_h=yes
ac_cv_header_unistd_h=yes
ac_cv_lib_bfd_bfd_demangle=yes
ac_cv_lib_pthread_pthread_create=yes
ac_cv_objext=o
ac_cv_path_install='/usr/bin/install -c'
ac_cv_prog_AWK=gawk
ac_cv_prog_CPP='gcc -E'
ac_cv_prog_ac_ct_CC=gcc
ac_cv_prog_ac_ct_CXX=g++
ac_cv_prog_ac_ct_RANLIB=ranlib
ac_cv_prog_cc_g=yes
ac_cv_prog_cc_stdc=
ac_cv_prog_cxx_g=yes
ac_cv_prog_egrep='grep -E'
ac_cv_prog_make_make_set=yes
ac_cv_type__Bool=yes
ac_cv_type_mode_t=yes
ac_cv_type_pid_t=yes
ac_cv_type_size_t=yes
am_cv_CC_dependencies_compiler_type=gcc3
am_cv_CXX_dependencies_compiler_type=gcc3

## ----------------- ##
## Output variables. ##
## ----------------- ##

ACLOCAL='${SHELL} /home/w/svn/bhook-1.0.0/build-aux/missing --run aclocal-1.9'
AMDEPBACKSLASH='\'
AMDEP_FALSE='#'
AMDEP_TRUE=''
AMTAR='${SHELL} /home/w/svn/bhook-1.0.0/build-aux/missing --run tar'
AUTOCONF='${SHELL} /home/w/svn/bhook-1.0.0/build-aux/missing --run autoconf'
AUTOHEADER='${SHELL} /home/w/svn/bhook-1.0.0/build-aux/missing --run autoheader'
AUTOMAKE='${SHELL} /home/w/svn/bhook-1.0.0/build-aux/missing --run automake-1.9'
AWK='gawk'
BINUTILS_PATH=''
CC='gcc'
CCDEPMODE='depmode=gcc3'
CFLAGS='-g -O2'
CPP='gcc -E'
CPPFLAGS=''
CXX='g++'
CXXDEPMODE='depmode=gcc3'
CXXFLAGS='-g -O2'
CYGPATH_W='echo'
DEFS='-DHAVE_CONFIG_H'
DEPDIR='.deps'
ECHO_C=''
ECHO_N='-n'
ECHO_T=''
EGREP='grep -E'
EXEEXT=''
INSTALL_DATA='${INSTALL} -m 644'
INSTALL_PROGRAM='${INSTALL}'
INSTALL_SCRIPT='${INSTALL}'
INSTALL_STRIP_PROGRAM='${SHELL} $(install_sh) -c -s'
LDFLAGS='-DHAVE_BFD_DEMANGLE '
LIBOBJS=''
LIBS='-lpthread '
LTLIBOBJS=''
MAKEINFO='${SHELL} /home/w/svn/bhook-1.0.0/build-aux/missing --run makeinfo'
OBJEXT='o'
PACKAGE='bhook'
PACKAGE_BUGREPORT='hyxbiao@gmail.com'
PACKAGE_NAME='bhook'
PACKAGE_STRING='bhook 1.0.0'
PACKAGE_TARNAME='bhook'
PACKAGE_VERSION='1.0.0'
PATH_SEPARATOR=':'
RANLIB='ranlib'
SET_MAKE=''
SHELL='/bin/sh'
STRIP=''
VERSION='1.0.0'
ac_ct_CC='gcc'
ac_ct_CXX='g++'
ac_ct_RANLIB='ranlib'
ac_ct_STRIP=''
am__fastdepCC_FALSE='#'
am__fastdepCC_TRUE=''
am__fastdepCXX_FALSE='#'
am__fastdepCXX_TRUE=''
am__include='include'
am__leading_dot='.'
am__quote=''
am__tar='${AMTAR} chof - "$$tardir"'
am__untar='${AMTAR} xf -'
bindir='${exec_prefix}/bin'
build_alias=''
datadir='${prefix}/share'
exec_prefix='${prefix}'
host_alias=''
includedir='${prefix}/include'
infodir='${prefix}/info'
install_sh='/home/w/svn/bhook-1.0.0/build-aux/install-sh'
libdir='${exec_prefix}/lib'
libexecdir='${exec_prefix}/libexec'
localstatedir='${prefix}/var'
mandir='${prefix}/man'
mkdir_p='mkdir -p --'
oldincludedir='/usr/include'
prefix='/home/w/software/bhook-1.0.0/'
program_transform_name='s,x,x,'
sbindir='${exec_prefix}/sbin'
sharedstatedir='${prefix}/com'
sysconfdir='${prefix}/etc'
target_alias=''

## ----------- ##
## confdefs.h. ##
## ----------- ##

#define HAVE_BFD_H 1
#define HAVE_DIS_ASM_H 1
#define HAVE_FCNTL_H 1
#define HAVE_INTTYPES_H 1
#define HAVE_LIBPTHREAD 1
#define HAVE_MALLOC 1
#define HAVE_MALLOC_H 1
#define HAVE_MEMORY_H 1
#define HAVE_MEMSET 1
#define HAVE_MKFIFO 1
#define HAVE_STDBOOL_H 1
#define HAVE_STDINT_H 1
#define HAVE_STDLIB_H 1
#define HAVE_STDLIB_H 1
#define HAVE_STDLIB_H 1
#define HAVE_STRINGS_H 1
#define HAVE_STRING_H 1
#define HAVE_STRING_H 1
#define HAVE_SYS_STAT_H 1
#define HAVE_SYS_TYPES_H 1
#define HAVE_UNISTD_H 1
#define HAVE_UNISTD_H 1
#define HAVE__BOOL 1
#define PACKAGE "bhook"
#define PACKAGE_BUGREPORT "hyxbiao@gmail.com"
#define PACKAGE_NAME "bhook"
#define PACKAGE_STRING "bhook 1.0.0"
#define PACKAGE_TARNAME "bhook"
#define PACKAGE_VERSION "1.0.0"
#define STDC_HEADERS 1
#define VERSION "1.0.0"
#endif
#ifdef __cplusplus
extern "C" void exit (int) throw ();

configure: exit 0
